<?xml version="1.0" encoding="UTF-8"?>
<testng-results skipped="0" failed="1" ignored="0" total="2" passed="1">
  <reporter-output>
  </reporter-output>
  <suite name="Default suite" duration-ms="50802" started-at="2020-05-22T09:59:31Z" finished-at="2020-05-22T10:00:22Z">
    <groups>
    </groups>
    <test name="Default test" duration-ms="50802" started-at="2020-05-22T09:59:31Z" finished-at="2020-05-22T10:00:22Z">
      <class name="com.nms.radwinAutomation.login.AdminTest">
        <test-method status="PASS" signature="setUp(java.lang.reflect.Method, java.lang.String, org.testng.ITestContext)[pri:0, instance:com.nms.radwinAutomation.login.AdminTest@4d1b0d2a]" name="setUp" is-config="true" duration-ms="7713" started-at="2020-05-22T09:59:32Z" finished-at="2020-05-22T09:59:40Z">
          <params>
            <param index="0">
              <value>
                <![CDATA[public void com.nms.radwinAutomation.login.AdminTest.createCredentialProfile(java.util.Map)]]>
              </value>
            </param>
            <param index="1">
              <value>
                <![CDATA[chrome]]>
              </value>
            </param>
            <param index="2">
              <value>
                <![CDATA[org.testng.TestRunner@29852487]]>
              </value>
            </param>
          </params>
          <reporter-output>
          </reporter-output>
        </test-method> <!-- setUp -->
        <test-method status="PASS" signature="createCredentialProfile(java.util.Map)[pri:1, instance:com.nms.radwinAutomation.login.AdminTest@4d1b0d2a]" name="createCredentialProfile" duration-ms="12758" started-at="2020-05-22T09:59:40Z" data-provider="csvReader" finished-at="2020-05-22T09:59:52Z">
          <params>
            <param index="0">
              <value>
                <![CDATA[{name=Test Automation, no=1, community=public, department=NYPD, expectedMessage=Credential Profile created successfully}]]>
              </value>
            </param>
          </params>
          <reporter-output>
          </reporter-output>
        </test-method> <!-- createCredentialProfile -->
        <test-method status="PASS" signature="tearDown(org.testng.ITestResult)[pri:0, instance:com.nms.radwinAutomation.login.AdminTest@4d1b0d2a]" name="tearDown" is-config="true" duration-ms="795" started-at="2020-05-22T09:59:52Z" finished-at="2020-05-22T09:59:53Z">
          <params>
            <param index="0">
              <value>
                <![CDATA[[TestResult name=createCredentialProfile status=SUCCESS method=AdminTest.createCredentialProfile(java.util.Map)[pri:1, instance:com.nms.radwinAutomation.login.AdminTest@4d1b0d2a] output={null}]]]>
              </value>
            </param>
          </params>
          <reporter-output>
          </reporter-output>
        </test-method> <!-- tearDown -->
        <test-method status="PASS" signature="setUp(java.lang.reflect.Method, java.lang.String, org.testng.ITestContext)[pri:0, instance:com.nms.radwinAutomation.login.AdminTest@4d1b0d2a]" name="setUp" is-config="true" duration-ms="5503" started-at="2020-05-22T09:59:53Z" finished-at="2020-05-22T09:59:59Z">
          <params>
            <param index="0">
              <value>
                <![CDATA[public void com.nms.radwinAutomation.login.AdminTest.createDiscoveryProfile(java.util.Map) throws java.lang.InterruptedException]]>
              </value>
            </param>
            <param index="1">
              <value>
                <![CDATA[chrome]]>
              </value>
            </param>
            <param index="2">
              <value>
                <![CDATA[org.testng.TestRunner@29852487]]>
              </value>
            </param>
          </params>
          <reporter-output>
          </reporter-output>
        </test-method> <!-- setUp -->
        <test-method status="FAIL" signature="createDiscoveryProfile(java.util.Map)[pri:2, instance:com.nms.radwinAutomation.login.AdminTest@4d1b0d2a]" name="createDiscoveryProfile" duration-ms="22205" started-at="2020-05-22T09:59:59Z" data-provider="csvReader" finished-at="2020-05-22T10:00:21Z">
          <params>
            <param index="0">
              <value>
                <![CDATA[{no=1, DeviceType=UPS, RPE=172.16.8.88, name=Test Discovery Automation, ip_host=1.1.1.1, CredentialProfile=Test Automation, Tags=Ping, expectedMessage=Discovery Profile created successfully}]]>
              </value>
            </param>
          </params>
          <exception class="org.openqa.selenium.NoSuchElementException">
            <message>
              <![CDATA[no such element: Unable to locate element: {"method":"xpath","selector":".//*[@id='discoveryForm']/fieldset/div[2]/section[3]/section/label[3]/span/span[1]/span"}
  (Session info: chrome=81.0.4044.138)
For documentation on this error, please visit: http://seleniumhq.org/exceptions/no_such_element.html
Build info: version: '3.14.0', revision: 'aacccce0', time: '2018-08-02T20:19:58.91Z'
System info: host: 'DESKTOP-HJ2LQR2', ip: '10.15.16.1', os.name: 'Windows 10', os.arch: 'amd64', os.version: '10.0', java.version: '1.8.0_191'
Driver info: org.openqa.selenium.chrome.ChromeDriver
Capabilities {acceptInsecureCerts: false, browserName: chrome, browserVersion: 81.0.4044.138, chrome: {chromedriverVersion: 81.0.4044.69 (6813546031a4b..., userDataDir: C:\Users\Dhurvi\AppData\Loc...}, goog:chromeOptions: {debuggerAddress: localhost:51831}, javascriptEnabled: true, networkConnectionEnabled: false, pageLoadStrategy: normal, platform: WINDOWS, platformName: WINDOWS, proxy: Proxy(), setWindowRect: true, strictFileInteractability: false, timeouts: {implicit: 0, pageLoad: 300000, script: 30000}, unhandledPromptBehavior: dismiss and notify, webauthn:virtualAuthenticators: true}
Session ID: 31fb8162541f160d4432ed290b464bc9
*** Element info: {Using=xpath, value=.//*[@id='discoveryForm']/fieldset/div[2]/section[3]/section/label[3]/span/span[1]/span}]]>
            </message>
            <full-stacktrace>
              <![CDATA[org.openqa.selenium.NoSuchElementException: no such element: Unable to locate element: {"method":"xpath","selector":".//*[@id='discoveryForm']/fieldset/div[2]/section[3]/section/label[3]/span/span[1]/span"}
  (Session info: chrome=81.0.4044.138)
For documentation on this error, please visit: http://seleniumhq.org/exceptions/no_such_element.html
Build info: version: '3.14.0', revision: 'aacccce0', time: '2018-08-02T20:19:58.91Z'
System info: host: 'DESKTOP-HJ2LQR2', ip: '10.15.16.1', os.name: 'Windows 10', os.arch: 'amd64', os.version: '10.0', java.version: '1.8.0_191'
Driver info: org.openqa.selenium.chrome.ChromeDriver
Capabilities {acceptInsecureCerts: false, browserName: chrome, browserVersion: 81.0.4044.138, chrome: {chromedriverVersion: 81.0.4044.69 (6813546031a4b..., userDataDir: C:\Users\Dhurvi\AppData\Loc...}, goog:chromeOptions: {debuggerAddress: localhost:51831}, javascriptEnabled: true, networkConnectionEnabled: false, pageLoadStrategy: normal, platform: WINDOWS, platformName: WINDOWS, proxy: Proxy(), setWindowRect: true, strictFileInteractability: false, timeouts: {implicit: 0, pageLoad: 300000, script: 30000}, unhandledPromptBehavior: dismiss and notify, webauthn:virtualAuthenticators: true}
Session ID: 31fb8162541f160d4432ed290b464bc9
*** Element info: {Using=xpath, value=.//*[@id='discoveryForm']/fieldset/div[2]/section[3]/section/label[3]/span/span[1]/span}
at sun.reflect.NativeConstructorAccessorImpl.newInstance0(Native Method)
at sun.reflect.NativeConstructorAccessorImpl.newInstance(NativeConstructorAccessorImpl.java:62)
at sun.reflect.DelegatingConstructorAccessorImpl.newInstance(DelegatingConstructorAccessorImpl.java:45)
at java.lang.reflect.Constructor.newInstance(Constructor.java:423)
at org.openqa.selenium.remote.http.W3CHttpResponseCodec.createException(W3CHttpResponseCodec.java:187)
at org.openqa.selenium.remote.http.W3CHttpResponseCodec.decode(W3CHttpResponseCodec.java:122)
at org.openqa.selenium.remote.http.W3CHttpResponseCodec.decode(W3CHttpResponseCodec.java:49)
at org.openqa.selenium.remote.HttpCommandExecutor.execute(HttpCommandExecutor.java:158)
at org.openqa.selenium.remote.service.DriverCommandExecutor.execute(DriverCommandExecutor.java:83)
at org.openqa.selenium.remote.RemoteWebDriver.execute(RemoteWebDriver.java:548)
at org.openqa.selenium.remote.RemoteWebDriver.findElement(RemoteWebDriver.java:322)
at org.openqa.selenium.remote.RemoteWebDriver.findElementByXPath(RemoteWebDriver.java:424)
at org.openqa.selenium.By$ByXPath.findElement(By.java:353)
at org.openqa.selenium.remote.RemoteWebDriver.findElement(RemoteWebDriver.java:314)
at com.nms.radwinAutomation.pages.BasePageObject.find(BasePageObject.java:53)
at com.nms.radwinAutomation.pages.BasePageObject.selectItem(BasePageObject.java:112)
at com.nms.radwinAutomation.pages.AdminPage.createDiscoveryProfile(AdminPage.java:70)
at com.nms.radwinAutomation.login.AdminTest.createDiscoveryProfile(AdminTest.java:86)
at sun.reflect.NativeMethodAccessorImpl.invoke0(Native Method)
at sun.reflect.NativeMethodAccessorImpl.invoke(NativeMethodAccessorImpl.java:62)
at sun.reflect.DelegatingMethodAccessorImpl.invoke(DelegatingMethodAccessorImpl.java:43)
at java.lang.reflect.Method.invoke(Method.java:498)
at org.testng.internal.MethodInvocationHelper.invokeMethod(MethodInvocationHelper.java:124)
at org.testng.internal.Invoker.invokeMethod(Invoker.java:583)
at org.testng.internal.Invoker.invokeTestMethod(Invoker.java:719)
at org.testng.internal.Invoker.invokeTestMethods(Invoker.java:989)
at org.testng.internal.TestMethodWorker.invokeTestMethods(TestMethodWorker.java:125)
at org.testng.internal.TestMethodWorker.run(TestMethodWorker.java:109)
at org.testng.TestRunner.privateRun(TestRunner.java:648)
at org.testng.TestRunner.run(TestRunner.java:505)
at org.testng.SuiteRunner.runTest(SuiteRunner.java:455)
at org.testng.SuiteRunner.runSequentially(SuiteRunner.java:450)
at org.testng.SuiteRunner.privateRun(SuiteRunner.java:415)
at org.testng.SuiteRunner.run(SuiteRunner.java:364)
at org.testng.SuiteRunnerWorker.runSuite(SuiteRunnerWorker.java:52)
at org.testng.SuiteRunnerWorker.run(SuiteRunnerWorker.java:84)
at org.testng.TestNG.runSuitesSequentially(TestNG.java:1208)
at org.testng.TestNG.runSuitesLocally(TestNG.java:1137)
at org.testng.TestNG.runSuites(TestNG.java:1049)
at org.testng.TestNG.run(TestNG.java:1017)
at org.testng.remote.AbstractRemoteTestNG.run(AbstractRemoteTestNG.java:115)
at org.testng.remote.RemoteTestNG.initAndRun(RemoteTestNG.java:251)
at org.testng.remote.RemoteTestNG.main(RemoteTestNG.java:77)
]]>
            </full-stacktrace>
          </exception> <!-- org.openqa.selenium.NoSuchElementException -->
          <reporter-output>
          </reporter-output>
        </test-method> <!-- createDiscoveryProfile -->
        <test-method status="PASS" signature="tearDown(org.testng.ITestResult)[pri:0, instance:com.nms.radwinAutomation.login.AdminTest@4d1b0d2a]" name="tearDown" is-config="true" duration-ms="1311" started-at="2020-05-22T10:00:21Z" finished-at="2020-05-22T10:00:22Z">
          <params>
            <param index="0">
              <value>
                <![CDATA[[TestResult name=createDiscoveryProfile status=FAILURE method=AdminTest.createDiscoveryProfile(java.util.Map)[pri:2, instance:com.nms.radwinAutomation.login.AdminTest@4d1b0d2a] output={null}]]]>
              </value>
            </param>
          </params>
          <reporter-output>
          </reporter-output>
        </test-method> <!-- tearDown -->
      </class> <!-- com.nms.radwinAutomation.login.AdminTest -->
    </test> <!-- Default test -->
  </suite> <!-- Default suite -->
</testng-results>
